<?xml version="1.0" encoding="UTF-8"?>
<testng-results skipped="0" failed="0" ignored="0" total="1" passed="1">
  <reporter-output>
  </reporter-output>
  <suite name="Default suite" duration-ms="3752" started-at="2021-03-28T05:51:33Z" finished-at="2021-03-28T05:51:36Z">
    <groups>
    </groups>
    <test name="Default test" duration-ms="3752" started-at="2021-03-28T05:51:33Z" finished-at="2021-03-28T05:51:36Z">
      <class name="testCases.Credit_Card_Comparison">
        <test-method status="PASS" signature="launchBrowser()[pri:0, instance:testCases.Credit_Card_Comparison@3ffc5af1]" name="launchBrowser" is-config="true" duration-ms="5645" started-at="2021-03-28T13:51:27Z" finished-at="2021-03-28T13:51:33Z">
          <reporter-output>
          </reporter-output>
        </test-method> <!-- launchBrowser -->
        <test-method status="PASS" signature="creditCardComparison()[pri:0, instance:testCases.Credit_Card_Comparison@3ffc5af1]" name="creditCardComparison" duration-ms="3701" started-at="2021-03-28T13:51:33Z" finished-at="2021-03-28T13:51:36Z">
          <reporter-output>
          </reporter-output>
        </test-method> <!-- creditCardComparison -->
      </class> <!-- testCases.Credit_Card_Comparison -->
    </test> <!-- Default test -->
  </suite> <!-- Default suite -->
</testng-results>
